[debug] [2022-09-18T08:11:02.196Z] ----------------------------------------------------------------------
[debug] [2022-09-18T08:11:02.198Z] Command:       /Users/eeenbnb/.nodebrew/node/v16.15.1/bin/node /Users/eeenbnb/.nodebrew/current/bin/firebase deploy
[debug] [2022-09-18T08:11:02.198Z] CLI Version:   11.8.0
[debug] [2022-09-18T08:11:02.199Z] Platform:      darwin
[debug] [2022-09-18T08:11:02.199Z] Node Version:  v16.15.1
[debug] [2022-09-18T08:11:02.200Z] Time:          Sun Sep 18 2022 17:11:02 GMT+0900 (日本標準時)
[debug] [2022-09-18T08:11:02.200Z] ----------------------------------------------------------------------
[debug] 
[debug] [2022-09-18T08:11:02.245Z] > command requires scopes: ["email","openid","https://www.googleapis.com/auth/cloudplatformprojects.readonly","https://www.googleapis.com/auth/firebase","https://www.googleapis.com/auth/cloud-platform"]
[debug] [2022-09-18T08:11:02.245Z] > authorizing via signed-in user (eee.kz.www@gmail.com)
[debug] [2022-09-18T08:11:02.245Z] [iam] checking project profile-karaage-saitama-jp for permissions ["firebase.projects.get","firebasehosting.sites.update"]
[debug] [2022-09-18T08:11:02.247Z] > refreshing access token with scopes: []
[debug] [2022-09-18T08:11:02.248Z] >>> [apiv2][query] POST https://www.googleapis.com/oauth2/v3/token [none]
[debug] [2022-09-18T08:11:02.248Z] >>> [apiv2][body] POST https://www.googleapis.com/oauth2/v3/token [omitted]
[debug] [2022-09-18T08:11:02.416Z] <<< [apiv2][status] POST https://www.googleapis.com/oauth2/v3/token 200
[debug] [2022-09-18T08:11:02.416Z] <<< [apiv2][body] POST https://www.googleapis.com/oauth2/v3/token [omitted]
[debug] [2022-09-18T08:11:02.469Z] >>> [apiv2][query] POST https://cloudresourcemanager.googleapis.com/v1/projects/profile-karaage-saitama-jp:testIamPermissions [none]
[debug] [2022-09-18T08:11:02.469Z] >>> [apiv2][(partial)header] POST https://cloudresourcemanager.googleapis.com/v1/projects/profile-karaage-saitama-jp:testIamPermissions x-goog-quota-user=projects/profile-karaage-saitama-jp
[debug] [2022-09-18T08:11:02.469Z] >>> [apiv2][body] POST https://cloudresourcemanager.googleapis.com/v1/projects/profile-karaage-saitama-jp:testIamPermissions {"permissions":["firebase.projects.get","firebasehosting.sites.update"]}
[debug] [2022-09-18T08:11:03.149Z] <<< [apiv2][status] POST https://cloudresourcemanager.googleapis.com/v1/projects/profile-karaage-saitama-jp:testIamPermissions 200
[debug] [2022-09-18T08:11:03.149Z] <<< [apiv2][body] POST https://cloudresourcemanager.googleapis.com/v1/projects/profile-karaage-saitama-jp:testIamPermissions {"permissions":["firebase.projects.get","firebasehosting.sites.update"]}
[debug] [2022-09-18T08:11:03.150Z] >>> [apiv2][query] GET https://firebase.googleapis.com/v1beta1/projects/profile-karaage-saitama-jp [none]
[debug] [2022-09-18T08:11:03.578Z] <<< [apiv2][status] GET https://firebase.googleapis.com/v1beta1/projects/profile-karaage-saitama-jp 200
[debug] [2022-09-18T08:11:03.578Z] <<< [apiv2][body] GET https://firebase.googleapis.com/v1beta1/projects/profile-karaage-saitama-jp {"projectId":"profile-karaage-saitama-jp","projectNumber":"630819836024","displayName":"profile-karaage-saitama-jp","name":"projects/profile-karaage-saitama-jp","resources":{"hostingSite":"profile-karaage-saitama-jp","storageBucket":"profile-karaage-saitama-jp.appspot.com","locationId":"us-central"},"state":"ACTIVE","etag":"1_79b22cea-95d9-4263-9c26-78dc009c9ff9"}
[debug] [2022-09-18T08:11:24.511Z] >>> [apiv2][query] GET https://firebasehosting.googleapis.com/v1beta1/projects/profile-karaage-saitama-jp/sites pageToken=&pageSize=10
[debug] [2022-09-18T08:11:25.288Z] <<< [apiv2][status] GET https://firebasehosting.googleapis.com/v1beta1/projects/profile-karaage-saitama-jp/sites 200
[debug] [2022-09-18T08:11:25.288Z] <<< [apiv2][body] GET https://firebasehosting.googleapis.com/v1beta1/projects/profile-karaage-saitama-jp/sites {"sites":[{"name":"projects/profile-karaage-saitama-jp/sites/profile-karaage-saitama-jp","defaultUrl":"https://profile-karaage-saitama-jp.web.app","type":"DEFAULT_SITE"}]}
[info] 
[info] === Deploying to 'profile-karaage-saitama-jp'...
[info] 
[info] i  deploying functions, hosting 
[debug] [2022-09-18T08:11:46.034Z] >>> [apiv2][query] GET https://firebase.googleapis.com/v1beta1/projects/profile-karaage-saitama-jp [none]
[debug] [2022-09-18T08:11:46.385Z] <<< [apiv2][status] GET https://firebase.googleapis.com/v1beta1/projects/profile-karaage-saitama-jp 200
[debug] [2022-09-18T08:11:46.385Z] <<< [apiv2][body] GET https://firebase.googleapis.com/v1beta1/projects/profile-karaage-saitama-jp {"projectId":"profile-karaage-saitama-jp","projectNumber":"630819836024","displayName":"profile-karaage-saitama-jp","name":"projects/profile-karaage-saitama-jp","resources":{"hostingSite":"profile-karaage-saitama-jp","storageBucket":"profile-karaage-saitama-jp.appspot.com","locationId":"us-central"},"state":"ACTIVE","etag":"1_79b22cea-95d9-4263-9c26-78dc009c9ff9"}
[info] i  functions: ensuring required API cloudfunctions.googleapis.com is enabled... 
[info] i  functions: ensuring required API cloudbuild.googleapis.com is enabled... 
[info] i  artifactregistry: ensuring required API artifactregistry.googleapis.com is enabled... 
[debug] [2022-09-18T08:11:46.387Z] >>> [apiv2][query] GET https://serviceusage.googleapis.com/v1/projects/profile-karaage-saitama-jp/services/cloudfunctions.googleapis.com [none]
[debug] [2022-09-18T08:11:46.388Z] >>> [apiv2][query] GET https://serviceusage.googleapis.com/v1/projects/profile-karaage-saitama-jp/services/runtimeconfig.googleapis.com [none]
[debug] [2022-09-18T08:11:46.389Z] >>> [apiv2][query] GET https://serviceusage.googleapis.com/v1/projects/profile-karaage-saitama-jp/services/cloudbuild.googleapis.com [none]
[debug] [2022-09-18T08:11:46.390Z] >>> [apiv2][query] GET https://serviceusage.googleapis.com/v1/projects/profile-karaage-saitama-jp/services/artifactregistry.googleapis.com [none]
[debug] [2022-09-18T08:11:47.614Z] <<< [apiv2][status] GET https://serviceusage.googleapis.com/v1/projects/profile-karaage-saitama-jp/services/artifactregistry.googleapis.com 200
[debug] [2022-09-18T08:11:47.614Z] <<< [apiv2][body] GET https://serviceusage.googleapis.com/v1/projects/profile-karaage-saitama-jp/services/artifactregistry.googleapis.com [omitted]
[info] ✔  artifactregistry: required API artifactregistry.googleapis.com is enabled 
[debug] [2022-09-18T08:11:47.615Z] <<< [apiv2][status] GET https://serviceusage.googleapis.com/v1/projects/profile-karaage-saitama-jp/services/runtimeconfig.googleapis.com 200
[debug] [2022-09-18T08:11:47.615Z] <<< [apiv2][body] GET https://serviceusage.googleapis.com/v1/projects/profile-karaage-saitama-jp/services/runtimeconfig.googleapis.com [omitted]
[debug] [2022-09-18T08:11:47.616Z] <<< [apiv2][status] GET https://serviceusage.googleapis.com/v1/projects/profile-karaage-saitama-jp/services/cloudfunctions.googleapis.com 200
[debug] [2022-09-18T08:11:47.616Z] <<< [apiv2][body] GET https://serviceusage.googleapis.com/v1/projects/profile-karaage-saitama-jp/services/cloudfunctions.googleapis.com [omitted]
[info] ✔  functions: required API cloudfunctions.googleapis.com is enabled 
[debug] [2022-09-18T08:11:47.618Z] <<< [apiv2][status] GET https://serviceusage.googleapis.com/v1/projects/profile-karaage-saitama-jp/services/cloudbuild.googleapis.com 200
[debug] [2022-09-18T08:11:47.618Z] <<< [apiv2][body] GET https://serviceusage.googleapis.com/v1/projects/profile-karaage-saitama-jp/services/cloudbuild.googleapis.com [omitted]
[info] ✔  functions: required API cloudbuild.googleapis.com is enabled 
[debug] [2022-09-18T08:11:47.618Z] >>> [apiv2][query] GET https://firebase.googleapis.com/v1beta1/projects/profile-karaage-saitama-jp/adminSdkConfig [none]
[debug] [2022-09-18T08:11:47.916Z] <<< [apiv2][status] GET https://firebase.googleapis.com/v1beta1/projects/profile-karaage-saitama-jp/adminSdkConfig 200
[debug] [2022-09-18T08:11:47.916Z] <<< [apiv2][body] GET https://firebase.googleapis.com/v1beta1/projects/profile-karaage-saitama-jp/adminSdkConfig {"projectId":"profile-karaage-saitama-jp","storageBucket":"profile-karaage-saitama-jp.appspot.com","locationId":"us-central"}
[debug] [2022-09-18T08:11:47.916Z] >>> [apiv2][query] GET https://runtimeconfig.googleapis.com/v1beta1/projects/profile-karaage-saitama-jp/configs [none]
[debug] [2022-09-18T08:11:48.295Z] <<< [apiv2][status] GET https://runtimeconfig.googleapis.com/v1beta1/projects/profile-karaage-saitama-jp/configs 200
[debug] [2022-09-18T08:11:48.295Z] <<< [apiv2][body] GET https://runtimeconfig.googleapis.com/v1beta1/projects/profile-karaage-saitama-jp/configs {}
[info] i  functions: preparing codebase firebase-frameworks-profile-karaage-saitama-jp for deployment 
[debug] [2022-09-18T08:11:48.297Z] Validating nodejs source
[debug] [2022-09-18T08:11:49.296Z] > [functions] package.json contents: {
  "name": "profile.karaage.saitama.jp",
  "version": "0.1.0",
  "private": true,
  "scripts": {
    "dev": "next dev",
    "build": "next build",
    "start": "next start",
    "lint": "next lint"
  },
  "dependencies": {
    "firebase": "^9.9.4",
    "firebase-admin": "^11.0.1",
    "jsdom": "^20.0.0",
    "markdown-it": "^13.0.1",
    "next": "12.2.5",
    "react": "18.2.0",
    "react-dom": "18.2.0",
    "recoil": "^0.7.5",
    "firebase-frameworks": "0.4.2",
    "firebase-functions": "^3.20.1",
    "cookie": "^0.5.0",
    "lru-cache": "^7.8.1"
  },
  "main": "server.js",
  "engines": {
    "node": "16"
  }
}
[debug] [2022-09-18T08:11:49.297Z] Building nodejs source
[info] i  functions: Loaded environment variables from .env. 
[debug] [2022-09-18T08:11:49.299Z] Found functions.yaml. Got spec: {
  "endpoints": {
    "ssrprofilekaraagesaitamajp": {
      "platform": "gcfv2",
      "region": [
        "us-central1"
      ],
      "labels": {},
      "httpsTrigger": {},
      "entryPoint": "ssr"
    }
  },
  "specVersion": "v1alpha1",
  "requiredAPIs": []
}
[info] i  functions: preparing .firebase/profile-karaage-saitama-jp/functions directory for uploading... 
[info] i  functions: packaged /Users/eeenbnb/Desktop/work/profile.karaage.saitama.jp/.firebase/profile-karaage-saitama-jp/functions (14.23 MB) for uploading 
[debug] [2022-09-18T08:11:50.127Z] >>> [apiv2][query] GET https://cloudfunctions.googleapis.com/v1/projects/profile-karaage-saitama-jp/locations/-/functions [none]
[debug] [2022-09-18T08:11:51.093Z] <<< [apiv2][status] GET https://cloudfunctions.googleapis.com/v1/projects/profile-karaage-saitama-jp/locations/-/functions 200
[debug] [2022-09-18T08:11:51.093Z] <<< [apiv2][body] GET https://cloudfunctions.googleapis.com/v1/projects/profile-karaage-saitama-jp/locations/-/functions {}
[debug] [2022-09-18T08:11:51.094Z] >>> [apiv2][query] GET https://cloudfunctions.googleapis.com/v2alpha/projects/profile-karaage-saitama-jp/locations/-/functions [none]
[debug] [2022-09-18T08:11:52.629Z] <<< [apiv2][status] GET https://cloudfunctions.googleapis.com/v2alpha/projects/profile-karaage-saitama-jp/locations/-/functions 200
[debug] [2022-09-18T08:11:52.629Z] <<< [apiv2][body] GET https://cloudfunctions.googleapis.com/v2alpha/projects/profile-karaage-saitama-jp/locations/-/functions {"functions":[{"name":"projects/profile-karaage-saitama-jp/locations/us-central1/functions/ssrprofilekaraagesaitamajp","buildConfig":{"build":"projects/630819836024/locations/us-central1/builds/19bc2ab5-ff9a-4909-bdda-88ac84c458fc","runtime":"nodejs16","entryPoint":"ssr","source":{"storageSource":{"bucket":"gcf-v2-sources-630819836024-us-central1","object":"ssrprofilekaraagesaitamajp/function-source.zip"}},"sourceProvenance":{"resolvedStorageSource":{"bucket":"gcf-v2-sources-630819836024-us-central1","object":"ssrprofilekaraagesaitamajp/function-source.zip","generation":"1663471298175467"}}},"serviceConfig":{"service":"projects/profile-karaage-saitama-jp/locations/us-central1/services/ssrprofilekaraagesaitamajp","timeoutSeconds":60,"environmentVariables":{"FRAMEWORKS_FIREBASE_PROJECT_CONFIG":"null","FIREBASE_CONFIG":"{\"projectId\":\"profile-karaage-saitama-jp\",\"storageBucket\":\"profile-karaage-saitama-jp.appspot.com\",\"locationId\":\"us-central\"}","GCLOUD_PROJECT":"profile-karaage-saitama-jp"},"maxInstanceCount":100,"ingressSettings":"ALLOW_ALL","uri":"https://ssrprofilekaraagesaitamajp-jhdbawbxfq-uc.a.run.app","serviceAccountEmail":"630819836024-compute@developer.gserviceaccount.com","availableMemory":"256Mi","allTrafficOnLatestRevision":true,"revision":"ssrprofilekaraagesaitamajp-00006-gok"},"state":"ACTIVE","updateTime":"2022-09-18T03:22:59.450672400Z","labels":{"deployment-tool":"cli-firebase","firebase-functions-codebase":"firebase-frameworks-profile-karaage-saitama-jp"},"environment":"GEN_2"}]}
[debug] [2022-09-18T08:11:52.630Z] >>> [apiv2][query] GET https://run.googleapis.com/v1/projects/profile-karaage-saitama-jp/locations/us-central1/services/ssrprofilekaraagesaitamajp [none]
[debug] [2022-09-18T08:11:53.782Z] <<< [apiv2][status] GET https://run.googleapis.com/v1/projects/profile-karaage-saitama-jp/locations/us-central1/services/ssrprofilekaraagesaitamajp 200
[debug] [2022-09-18T08:11:53.782Z] <<< [apiv2][body] GET https://run.googleapis.com/v1/projects/profile-karaage-saitama-jp/locations/us-central1/services/ssrprofilekaraagesaitamajp {"apiVersion":"serving.knative.dev/v1","kind":"Service","metadata":{"name":"ssrprofilekaraagesaitamajp","namespace":"630819836024","selfLink":"/apis/serving.knative.dev/v1/namespaces/630819836024/services/ssrprofilekaraagesaitamajp","uid":"33862e5a-75fb-4fa1-bb4b-edb63040f2ce","resourceVersion":"AAXo6xx+Q7c","generation":6,"labels":{"goog-managed-by":"cloudfunctions","goog-cloudfunctions-runtime":"nodejs16","cloud.googleapis.com/location":"us-central1"},"annotations":{"run.googleapis.com/client-name":"cli-firebase","serving.knative.dev/creator":"service-630819836024@gcf-admin-robot.iam.gserviceaccount.com","serving.knative.dev/lastModifier":"service-630819836024@gcf-admin-robot.iam.gserviceaccount.com","client.knative.dev/user-image":"us-central1-docker.pkg.dev/profile-karaage-saitama-jp/gcf-artifacts/ssrprofilekaraagesaitamajp:version_1","run.googleapis.com/ingress":"all","run.googleapis.com/ingress-status":"all"},"creationTimestamp":"2022-09-03T07:04:13.871902Z"},"spec":{"template":{"metadata":{"name":"ssrprofilekaraagesaitamajp-00006-gok","annotations":{"run.googleapis.com/client-name":"cli-firebase","cloudfunctions.googleapis.com/trigger-type":"HTTP_TRIGGER","client.knative.dev/user-image":"us-central1-docker.pkg.dev/profile-karaage-saitama-jp/gcf-artifacts/ssrprofilekaraagesaitamajp:version_1","autoscaling.knative.dev/maxScale":"100","run.googleapis.com/cpu-throttling":"true","run.googleapis.com/startup-cpu-boost":"true"}},"spec":{"containerConcurrency":80,"timeoutSeconds":60,"serviceAccountName":"630819836024-compute@developer.gserviceaccount.com","containers":[{"image":"us-central1-docker.pkg.dev/profile-karaage-saitama-jp/gcf-artifacts/ssrprofilekaraagesaitamajp:version_1","env":[{"name":"FRAMEWORKS_FIREBASE_PROJECT_CONFIG","value":"null"},{"name":"FIREBASE_CONFIG","value":"{\"projectId\":\"profile-karaage-saitama-jp\",\"storageBucket\":\"profile-karaage-saitama-jp.appspot.com\",\"locationId\":\"us-central\"}"},{"name":"GCLOUD_PROJECT","value":"profile-karaage-saitama-jp"}],"resources":{"limits":{"cpu":"1","memory":"256Mi"}},"ports":[{"name":"http1","containerPort":8080}]}]}},"traffic":[{"percent":100,"latestRevision":true}]},"status":{"observedGeneration":6,"conditions":[{"type":"Ready","status":"True","lastTransitionTime":"2022-09-18T03:22:56.156057Z"},{"type":"ConfigurationsReady","status":"True","lastTransitionTime":"2022-09-18T03:22:47.287608Z"},{"type":"RoutesReady","status":"True","lastTransitionTime":"2022-09-18T03:22:56.548791Z"}],"latestReadyRevisionName":"ssrprofilekaraagesaitamajp-00006-gok","latestCreatedRevisionName":"ssrprofilekaraagesaitamajp-00006-gok","traffic":[{"revisionName":"ssrprofilekaraagesaitamajp-00006-gok","percent":100,"latestRevision":true}],"url":"https://ssrprofilekaraagesaitamajp-jhdbawbxfq-uc.a.run.app","address":{"url":"https://ssrprofilekaraagesaitamajp-jhdbawbxfq-uc.a.run.app"}}}
[info] i  functions: ensuring required API run.googleapis.com is enabled... 
[info] i  functions: ensuring required API eventarc.googleapis.com is enabled... 
[info] i  functions: ensuring required API pubsub.googleapis.com is enabled... 
[info] i  functions: ensuring required API storage.googleapis.com is enabled... 
[debug] [2022-09-18T08:11:53.789Z] >>> [apiv2][query] GET https://serviceusage.googleapis.com/v1/projects/profile-karaage-saitama-jp/services/run.googleapis.com [none]
[debug] [2022-09-18T08:11:53.790Z] >>> [apiv2][query] GET https://serviceusage.googleapis.com/v1/projects/profile-karaage-saitama-jp/services/eventarc.googleapis.com [none]
[debug] [2022-09-18T08:11:53.791Z] >>> [apiv2][query] GET https://serviceusage.googleapis.com/v1/projects/profile-karaage-saitama-jp/services/pubsub.googleapis.com [none]
[debug] [2022-09-18T08:11:53.792Z] >>> [apiv2][query] GET https://serviceusage.googleapis.com/v1/projects/profile-karaage-saitama-jp/services/storage.googleapis.com [none]
[debug] [2022-09-18T08:11:55.185Z] <<< [apiv2][status] GET https://serviceusage.googleapis.com/v1/projects/profile-karaage-saitama-jp/services/pubsub.googleapis.com 200
[debug] [2022-09-18T08:11:55.185Z] <<< [apiv2][body] GET https://serviceusage.googleapis.com/v1/projects/profile-karaage-saitama-jp/services/pubsub.googleapis.com [omitted]
[info] ✔  functions: required API pubsub.googleapis.com is enabled 
[debug] [2022-09-18T08:11:55.185Z] <<< [apiv2][status] GET https://serviceusage.googleapis.com/v1/projects/profile-karaage-saitama-jp/services/storage.googleapis.com 200
[debug] [2022-09-18T08:11:55.186Z] <<< [apiv2][body] GET https://serviceusage.googleapis.com/v1/projects/profile-karaage-saitama-jp/services/storage.googleapis.com [omitted]
[info] ✔  functions: required API storage.googleapis.com is enabled 
[debug] [2022-09-18T08:11:55.186Z] <<< [apiv2][status] GET https://serviceusage.googleapis.com/v1/projects/profile-karaage-saitama-jp/services/eventarc.googleapis.com 200
[debug] [2022-09-18T08:11:55.186Z] <<< [apiv2][body] GET https://serviceusage.googleapis.com/v1/projects/profile-karaage-saitama-jp/services/eventarc.googleapis.com [omitted]
[info] ✔  functions: required API eventarc.googleapis.com is enabled 
[debug] [2022-09-18T08:11:55.191Z] <<< [apiv2][status] GET https://serviceusage.googleapis.com/v1/projects/profile-karaage-saitama-jp/services/run.googleapis.com 200
[debug] [2022-09-18T08:11:55.191Z] <<< [apiv2][body] GET https://serviceusage.googleapis.com/v1/projects/profile-karaage-saitama-jp/services/run.googleapis.com [omitted]
[info] ✔  functions: required API run.googleapis.com is enabled 
[info] i  functions: generating the service identity for pubsub.googleapis.com... 
[info] i  functions: generating the service identity for eventarc.googleapis.com... 
[debug] [2022-09-18T08:11:55.192Z] >>> [apiv2][query] POST https://serviceusage.googleapis.com/v1beta1/projects/630819836024/services/pubsub.googleapis.com:generateServiceIdentity [none]
[debug] [2022-09-18T08:11:55.193Z] >>> [apiv2][query] POST https://serviceusage.googleapis.com/v1beta1/projects/630819836024/services/eventarc.googleapis.com:generateServiceIdentity [none]
[debug] [2022-09-18T08:11:56.589Z] <<< [apiv2][status] POST https://serviceusage.googleapis.com/v1beta1/projects/630819836024/services/eventarc.googleapis.com:generateServiceIdentity 200
[debug] [2022-09-18T08:11:56.589Z] <<< [apiv2][body] POST https://serviceusage.googleapis.com/v1beta1/projects/630819836024/services/eventarc.googleapis.com:generateServiceIdentity {"name":"operations/finished.DONE_OPERATION","done":true,"response":{"@type":"type.googleapis.com/google.api.serviceusage.v1beta1.ServiceIdentity","email":"service-630819836024@gcp-sa-eventarc.iam.gserviceaccount.com","uniqueId":"112753274399267555324"}}
[debug] [2022-09-18T08:11:56.590Z] <<< [apiv2][status] POST https://serviceusage.googleapis.com/v1beta1/projects/630819836024/services/pubsub.googleapis.com:generateServiceIdentity 200
[debug] [2022-09-18T08:11:56.590Z] <<< [apiv2][body] POST https://serviceusage.googleapis.com/v1beta1/projects/630819836024/services/pubsub.googleapis.com:generateServiceIdentity {"name":"operations/finished.DONE_OPERATION","done":true,"response":{"@type":"type.googleapis.com/google.api.serviceusage.v1beta1.ServiceIdentity","email":"service-630819836024@gcp-sa-pubsub.iam.gserviceaccount.com","uniqueId":"106408586318395489940"}}
[debug] [2022-09-18T08:11:56.592Z] >>> [apiv2][query] GET https://firebase.googleapis.com/v1beta1/projects/profile-karaage-saitama-jp [none]
[debug] [2022-09-18T08:11:57.091Z] <<< [apiv2][status] GET https://firebase.googleapis.com/v1beta1/projects/profile-karaage-saitama-jp 200
[debug] [2022-09-18T08:11:57.091Z] <<< [apiv2][body] GET https://firebase.googleapis.com/v1beta1/projects/profile-karaage-saitama-jp {"projectId":"profile-karaage-saitama-jp","projectNumber":"630819836024","displayName":"profile-karaage-saitama-jp","name":"projects/profile-karaage-saitama-jp","resources":{"hostingSite":"profile-karaage-saitama-jp","storageBucket":"profile-karaage-saitama-jp.appspot.com","locationId":"us-central"},"state":"ACTIVE","etag":"1_79b22cea-95d9-4263-9c26-78dc009c9ff9"}
[debug] [2022-09-18T08:11:57.093Z] >>> [apiv2][query] POST https://firebasehosting.googleapis.com/v1beta1/projects/630819836024/sites/profile-karaage-saitama-jp/versions [none]
[debug] [2022-09-18T08:11:57.093Z] >>> [apiv2][body] POST https://firebasehosting.googleapis.com/v1beta1/projects/630819836024/sites/profile-karaage-saitama-jp/versions {"config":{"rewrites":[],"redirects":[],"headers":[],"cleanUrls":true},"labels":{"deployment-tool":"cli-firebase"}}
[debug] [2022-09-18T08:11:57.953Z] <<< [apiv2][status] POST https://firebasehosting.googleapis.com/v1beta1/projects/630819836024/sites/profile-karaage-saitama-jp/versions 200
[debug] [2022-09-18T08:11:57.953Z] <<< [apiv2][body] POST https://firebasehosting.googleapis.com/v1beta1/projects/630819836024/sites/profile-karaage-saitama-jp/versions {"name":"projects/630819836024/sites/profile-karaage-saitama-jp/versions/a4f9c98b82c2c3f3","status":"CREATED","config":{"cleanUrls":true},"labels":{"deployment-tool":"cli-firebase"}}
[debug] [2022-09-18T08:11:57.955Z] >>> [apiv2][query] POST https://cloudfunctions.googleapis.com/v2alpha/projects/profile-karaage-saitama-jp/locations/us-central1/functions:generateUploadUrl [none]
[debug] [2022-09-18T08:11:59.182Z] <<< [apiv2][status] POST https://cloudfunctions.googleapis.com/v2alpha/projects/profile-karaage-saitama-jp/locations/us-central1/functions:generateUploadUrl 200
[debug] [2022-09-18T08:11:59.182Z] <<< [apiv2][body] POST https://cloudfunctions.googleapis.com/v2alpha/projects/profile-karaage-saitama-jp/locations/us-central1/functions:generateUploadUrl {"uploadUrl":"https://storage.googleapis.com/gcf-v2-uploads-630819836024-us-central1/55cab58d-8829-4df0-b8ba-fa65cd9556f8.zip?GoogleAccessId=service-630819836024@gcf-admin-robot.iam.gserviceaccount.com&Expires=1663490519&Signature=0a85jR2JSXIXDAgRim8XuLqGK%2FW4%2BudoJ%2FmIkFiLeX1fce9R8s8C6lpWpE90qnJnWliygOEVV5j4mJfvH2aQ5zHFZTFYoujE4sz55l3i2f%2FuNEk5v5Upfv%2BG5%2BObhUuTLP9yee8GV9vdGnUZ9bAb18RGlHQ5ysvDe%2BQ1W0IUC8zF7eNckr7vg4ZkoYGy6jNmGrwjODJkay2cX2t71r0TR6FF%2FY87LBytC4LmkuTrE55Hb4CNfA57iZw4RgemAjcu8r9BU13pV9Vj9v8NidHb3%2BbQxDCOSmiNElLooO%2BtbYc8AYq3ZlvlZ1ztkUHzZOYeTdmoS1lu3YMFw6L63%2BmAbg%3D%3D","storageSource":{"bucket":"gcf-v2-uploads-630819836024-us-central1","object":"55cab58d-8829-4df0-b8ba-fa65cd9556f8.zip"}}
[debug] [2022-09-18T08:11:59.184Z] >>> [apiv2][query] PUT https://storage.googleapis.com/gcf-v2-uploads-630819836024-us-central1/55cab58d-8829-4df0-b8ba-fa65cd9556f8.zip GoogleAccessId=service-630819836024%40gcf-admin-robot.iam.gserviceaccount.com&Expires=1663490519&Signature=0a85jR2JSXIXDAgRim8XuLqGK%2FW4%2BudoJ%2FmIkFiLeX1fce9R8s8C6lpWpE90qnJnWliygOEVV5j4mJfvH2aQ5zHFZTFYoujE4sz55l3i2f%2FuNEk5v5Upfv%2BG5%2BObhUuTLP9yee8GV9vdGnUZ9bAb18RGlHQ5ysvDe%2BQ1W0IUC8zF7eNckr7vg4ZkoYGy6jNmGrwjODJkay2cX2t71r0TR6FF%2FY87LBytC4LmkuTrE55Hb4CNfA57iZw4RgemAjcu8r9BU13pV9Vj9v8NidHb3%2BbQxDCOSmiNElLooO%2BtbYc8AYq3ZlvlZ1ztkUHzZOYeTdmoS1lu3YMFw6L63%2BmAbg%3D%3D
[debug] [2022-09-18T08:11:59.184Z] >>> [apiv2][body] PUT https://storage.googleapis.com/gcf-v2-uploads-630819836024-us-central1/55cab58d-8829-4df0-b8ba-fa65cd9556f8.zip [stream]
[debug] [2022-09-18T08:12:01.363Z] <<< [apiv2][status] PUT https://storage.googleapis.com/gcf-v2-uploads-630819836024-us-central1/55cab58d-8829-4df0-b8ba-fa65cd9556f8.zip 200
[debug] [2022-09-18T08:12:01.363Z] <<< [apiv2][body] PUT https://storage.googleapis.com/gcf-v2-uploads-630819836024-us-central1/55cab58d-8829-4df0-b8ba-fa65cd9556f8.zip [omitted]
[info] ✔  functions: .firebase/profile-karaage-saitama-jp/functions folder uploaded successfully 
[info] i  hosting[profile-karaage-saitama-jp]: beginning deploy... 
[info] i  hosting[profile-karaage-saitama-jp]: found 17 files in .firebase/profile-karaage-saitama-jp/hosting 
[debug] [2022-09-18T08:12:01.376Z] [hosting] uploading with 200 concurrency
[debug] [2022-09-18T08:12:01.400Z] [hosting] hash cache [LmZpcmViYXNlL3Byb2ZpbGUta2FyYWFnZS1zYWl0YW1hLWpwL2hvc3Rpbmc] stored for 17 files
[debug] [2022-09-18T08:12:01.400Z] [hosting][hash queue][FINAL] {"max":15,"min":8,"avg":9.647058823529411,"active":0,"complete":17,"success":17,"errored":0,"retried":0,"total":17,"elapsed":20}
[debug] [2022-09-18T08:12:01.401Z] >>> [apiv2][query] POST https://firebasehosting.googleapis.com/v1beta1/projects/630819836024/sites/profile-karaage-saitama-jp/versions/a4f9c98b82c2c3f3:populateFiles [none]
[debug] [2022-09-18T08:12:01.401Z] >>> [apiv2][body] POST https://firebasehosting.googleapis.com/v1beta1/projects/630819836024/sites/profile-karaage-saitama-jp/versions/a4f9c98b82c2c3f3:populateFiles {"files":{"/404.html":"6bf633c6a677c98df2a122f47eb9e2ae520a58deb0bf94e67984b135a8ccfec0","/index.html":"a8b56de4961d81a5c304c1e89606ac68a38b9af90341fba4324211f08550c7ce","/500.html":"0ca3f9b57468b05e3edc269e50e6e1207b220c6afbccf26fe3ff0a6e9f0be2e3","/_next/static/UKB8Gm33SmMIFzV9vgl0-/_ssgManifest.js":"d74198ff37cbfed41f90ee986551d305deb53e2f652c16f9b224e697ab2d5f5a","/account.json":"15b5e2f138a23005119874efce3f529bcf3c55cb6d076920c9eb80522f9b146b","/_next/static/chunks/279.8f347f0e01a1ff17.js":"7001d7fdd285fed1909826e79c9e1c8444ed0a9a6ca9d660b62bdaf81264152a","/_next/static/UKB8Gm33SmMIFzV9vgl0-/_buildManifest.js":"25c8a3efc3cac043203cb16d278100c224a154fda94a6e737a75e660fd329d7e","/favicon.ico":"2d17d24064684e42771d8fb0e2863347fdcbb0f9bfb092928a89cf9a172ab216","/_next/static/chunks/webpack-ca8314bf4e1061f8.js":"e7e42057ebb4b42499e4bc297c566388c83c0fd7fd2a2a69db131aaca4f9e502","/_next/static/chunks/pages/_error-7397496ca01950b1.js":"b2663a578167ff59857fac0bda9fb56b55a48b0abd111cbd638b491748fa5ca7","/_next/static/chunks/pages/index-630dfbdc9a765719.js":"a6cb01978188e744f8e337bdd9547ccd33577cf7783f468f3369fc4d97d5306b","/_next/static/css/6057e2c86da1f648.css":"a95648351e853a64f915f6a5afb6c22c4e4933d0b9491d9546ee49e8e8896bb0","/_next/static/chunks/pages/index2-ee6df1d47ec136a6.js":"5a3efa929011a73aea9611026d09062436ad639043546d74ad0e0b1ba888bdf9","/_next/static/chunks/pages/_app-4bec0fa8bb30b930.js":"7b4a56eb1706d9a5c7581fb3773f4f059b258a54694002275914f48ff235f7a0","/_next/static/chunks/main-3ab49d6a704c831e.js":"4f7aab0acaa2dc554d72e5f9797db106751e9046c2b3681060569b65d682fd5f","/_next/static/chunks/polyfills-c67a75d1b6f99dc8.js":"aba23275a3c1380bfc8d467fd921b0c209e7182dbdaa02611c3a496b0b3b34ec","/_next/static/chunks/framework-8be2ac376f80f4d7.js":"51122f67e433792677b8cb20c7be33fe5591acfc0e714bd6efe3e5d900de7311"}}
[debug] [2022-09-18T08:12:02.153Z] <<< [apiv2][status] POST https://firebasehosting.googleapis.com/v1beta1/projects/630819836024/sites/profile-karaage-saitama-jp/versions/a4f9c98b82c2c3f3:populateFiles 200
[debug] [2022-09-18T08:12:02.153Z] <<< [apiv2][body] POST https://firebasehosting.googleapis.com/v1beta1/projects/630819836024/sites/profile-karaage-saitama-jp/versions/a4f9c98b82c2c3f3:populateFiles {"uploadRequiredHashes":["6bf633c6a677c98df2a122f47eb9e2ae520a58deb0bf94e67984b135a8ccfec0","a8b56de4961d81a5c304c1e89606ac68a38b9af90341fba4324211f08550c7ce","0ca3f9b57468b05e3edc269e50e6e1207b220c6afbccf26fe3ff0a6e9f0be2e3"],"uploadUrl":"https://upload-firebasehosting.googleapis.com/upload/sites/profile-karaage-saitama-jp/versions/a4f9c98b82c2c3f3/files"}
[debug] [2022-09-18T08:12:02.154Z] >>> [apiv2][query] POST https://upload-firebasehosting.googleapis.com/upload/sites/profile-karaage-saitama-jp/versions/a4f9c98b82c2c3f3/files/6bf633c6a677c98df2a122f47eb9e2ae520a58deb0bf94e67984b135a8ccfec0 [none]
[debug] [2022-09-18T08:12:02.154Z] >>> [apiv2][body] POST https://upload-firebasehosting.googleapis.com/upload/sites/profile-karaage-saitama-jp/versions/a4f9c98b82c2c3f3/files/6bf633c6a677c98df2a122f47eb9e2ae520a58deb0bf94e67984b135a8ccfec0 [stream]
[debug] [2022-09-18T08:12:02.155Z] >>> [apiv2][query] POST https://upload-firebasehosting.googleapis.com/upload/sites/profile-karaage-saitama-jp/versions/a4f9c98b82c2c3f3/files/a8b56de4961d81a5c304c1e89606ac68a38b9af90341fba4324211f08550c7ce [none]
[debug] [2022-09-18T08:12:02.155Z] >>> [apiv2][body] POST https://upload-firebasehosting.googleapis.com/upload/sites/profile-karaage-saitama-jp/versions/a4f9c98b82c2c3f3/files/a8b56de4961d81a5c304c1e89606ac68a38b9af90341fba4324211f08550c7ce [stream]
[debug] [2022-09-18T08:12:02.156Z] >>> [apiv2][query] POST https://upload-firebasehosting.googleapis.com/upload/sites/profile-karaage-saitama-jp/versions/a4f9c98b82c2c3f3/files/0ca3f9b57468b05e3edc269e50e6e1207b220c6afbccf26fe3ff0a6e9f0be2e3 [none]
[debug] [2022-09-18T08:12:02.156Z] >>> [apiv2][body] POST https://upload-firebasehosting.googleapis.com/upload/sites/profile-karaage-saitama-jp/versions/a4f9c98b82c2c3f3/files/0ca3f9b57468b05e3edc269e50e6e1207b220c6afbccf26fe3ff0a6e9f0be2e3 [stream]
[debug] [2022-09-18T08:12:02.157Z] [hosting][populate queue][FINAL] {"max":756,"min":756,"avg":756,"active":0,"complete":1,"success":1,"errored":0,"retried":0,"total":1,"elapsed":759}
[debug] [2022-09-18T08:12:02.157Z] [hosting] uploads queued: 3
[debug] [2022-09-18T08:12:03.688Z] <<< [apiv2][status] POST https://upload-firebasehosting.googleapis.com/upload/sites/profile-karaage-saitama-jp/versions/a4f9c98b82c2c3f3/files/0ca3f9b57468b05e3edc269e50e6e1207b220c6afbccf26fe3ff0a6e9f0be2e3 200
[debug] [2022-09-18T08:12:03.688Z] <<< [apiv2][body] POST https://upload-firebasehosting.googleapis.com/upload/sites/profile-karaage-saitama-jp/versions/a4f9c98b82c2c3f3/files/0ca3f9b57468b05e3edc269e50e6e1207b220c6afbccf26fe3ff0a6e9f0be2e3 [stream]
[debug] [2022-09-18T08:12:03.689Z] <<< [apiv2][status] POST https://upload-firebasehosting.googleapis.com/upload/sites/profile-karaage-saitama-jp/versions/a4f9c98b82c2c3f3/files/6bf633c6a677c98df2a122f47eb9e2ae520a58deb0bf94e67984b135a8ccfec0 200
[debug] [2022-09-18T08:12:03.689Z] <<< [apiv2][body] POST https://upload-firebasehosting.googleapis.com/upload/sites/profile-karaage-saitama-jp/versions/a4f9c98b82c2c3f3/files/6bf633c6a677c98df2a122f47eb9e2ae520a58deb0bf94e67984b135a8ccfec0 [stream]
[debug] [2022-09-18T08:12:04.097Z] <<< [apiv2][status] POST https://upload-firebasehosting.googleapis.com/upload/sites/profile-karaage-saitama-jp/versions/a4f9c98b82c2c3f3/files/a8b56de4961d81a5c304c1e89606ac68a38b9af90341fba4324211f08550c7ce 200
[debug] [2022-09-18T08:12:04.097Z] <<< [apiv2][body] POST https://upload-firebasehosting.googleapis.com/upload/sites/profile-karaage-saitama-jp/versions/a4f9c98b82c2c3f3/files/a8b56de4961d81a5c304c1e89606ac68a38b9af90341fba4324211f08550c7ce [stream]
[debug] [2022-09-18T08:12:04.097Z] [hosting][upload queue][FINAL] {"max":1943,"min":1535,"avg":1671.3333333333333,"active":0,"complete":3,"success":3,"errored":0,"retried":0,"total":3,"elapsed":1944}
[info] ✔  hosting[profile-karaage-saitama-jp]: file upload complete 
[debug] [2022-09-18T08:12:04.098Z] [hosting] deploy completed after 2732ms
[info] i  functions: updating Node.js 16 function firebase-frameworks-profile-karaage-saitama-jp:ssrprofilekaraagesaitamajp(us-central1)... 
[debug] [2022-09-18T08:12:04.103Z] >>> [apiv2][query] PATCH https://cloudfunctions.googleapis.com/v2alpha/projects/profile-karaage-saitama-jp/locations/us-central1/functions/ssrprofilekaraagesaitamajp updateMask=name%2CbuildConfig.runtime%2CbuildConfig.entryPoint%2CbuildConfig.source.storageSource.bucket%2CbuildConfig.source.storageSource.object%2CbuildConfig.environmentVariables%2CserviceConfig.environmentVariables%2CserviceConfig.availableMemory%2Clabels
[debug] [2022-09-18T08:12:04.104Z] >>> [apiv2][body] PATCH https://cloudfunctions.googleapis.com/v2alpha/projects/profile-karaage-saitama-jp/locations/us-central1/functions/ssrprofilekaraagesaitamajp {"name":"projects/profile-karaage-saitama-jp/locations/us-central1/functions/ssrprofilekaraagesaitamajp","buildConfig":{"runtime":"nodejs16","entryPoint":"ssr","source":{"storageSource":{"bucket":"gcf-v2-uploads-630819836024-us-central1","object":"55cab58d-8829-4df0-b8ba-fa65cd9556f8.zip"}},"environmentVariables":{}},"serviceConfig":{"environmentVariables":{"FRAMEWORKS_FIREBASE_PROJECT_CONFIG":"null","FIREBASE_CONFIG":"{\"projectId\":\"profile-karaage-saitama-jp\",\"storageBucket\":\"profile-karaage-saitama-jp.appspot.com\",\"locationId\":\"us-central\"}","GCLOUD_PROJECT":"profile-karaage-saitama-jp"},"availableMemory":"256Mi"},"labels":{"deployment-tool":"cli-firebase","firebase-functions-codebase":"firebase-frameworks-profile-karaage-saitama-jp"}}
[debug] [2022-09-18T08:12:06.147Z] <<< [apiv2][status] PATCH https://cloudfunctions.googleapis.com/v2alpha/projects/profile-karaage-saitama-jp/locations/us-central1/functions/ssrprofilekaraagesaitamajp 200
[debug] [2022-09-18T08:12:06.147Z] <<< [apiv2][body] PATCH https://cloudfunctions.googleapis.com/v2alpha/projects/profile-karaage-saitama-jp/locations/us-central1/functions/ssrprofilekaraagesaitamajp {"name":"projects/profile-karaage-saitama-jp/locations/us-central1/operations/operation-1663488725139-5e8ef268cbf7b-84fa5a09-3337f9a4","metadata":{"@type":"type.googleapis.com/google.cloud.functions.v2alpha.OperationMetadata","createTime":"2022-09-18T08:12:05.989266769Z","target":"projects/profile-karaage-saitama-jp/locations/us-central1/functions/ssrprofilekaraagesaitamajp","verb":"update","cancelRequested":false,"apiVersion":"v2alpha"},"done":false}
[debug] [2022-09-18T08:12:06.148Z] >>> [apiv2][query] GET https://cloudfunctions.googleapis.com/v2alpha/projects/profile-karaage-saitama-jp/locations/us-central1/operations/operation-1663488725139-5e8ef268cbf7b-84fa5a09-3337f9a4 [none]
[debug] [2022-09-18T08:12:07.272Z] <<< [apiv2][status] GET https://cloudfunctions.googleapis.com/v2alpha/projects/profile-karaage-saitama-jp/locations/us-central1/operations/operation-1663488725139-5e8ef268cbf7b-84fa5a09-3337f9a4 200
[debug] [2022-09-18T08:12:07.272Z] <<< [apiv2][body] GET https://cloudfunctions.googleapis.com/v2alpha/projects/profile-karaage-saitama-jp/locations/us-central1/operations/operation-1663488725139-5e8ef268cbf7b-84fa5a09-3337f9a4 {"name":"projects/profile-karaage-saitama-jp/locations/us-central1/operations/operation-1663488725139-5e8ef268cbf7b-84fa5a09-3337f9a4","metadata":{"@type":"type.googleapis.com/google.cloud.functions.v2alpha.OperationMetadata","createTime":"2022-09-18T08:12:05.989266769Z","target":"projects/profile-karaage-saitama-jp/locations/us-central1/functions/ssrprofilekaraagesaitamajp","verb":"update","cancelRequested":false,"apiVersion":"v2alpha","requestResource":{"@type":"type.googleapis.com/google.cloud.functions.v2alpha.Function","name":"projects/profile-karaage-saitama-jp/locations/us-central1/functions/ssrprofilekaraagesaitamajp","buildConfig":{"runtime":"nodejs16","entryPoint":"ssr","source":{"storageSource":{"bucket":"gcf-v2-sources-630819836024-us-central1","object":"ssrprofilekaraagesaitamajp/function-source.zip"}},"sourceProvenance":{"resolvedStorageSource":{"bucket":"gcf-v2-sources-630819836024-us-central1","object":"ssrprofilekaraagesaitamajp/function-source.zip","generation":"1663471298175467"}}},"serviceConfig":{"service":"projects/profile-karaage-saitama-jp/locations/us-central1/services/ssrprofilekaraagesaitamajp","timeoutSeconds":60,"environmentVariables":{"FRAMEWORKS_FIREBASE_PROJECT_CONFIG":"null","FIREBASE_CONFIG":"{\"projectId\":\"profile-karaage-saitama-jp\",\"storageBucket\":\"profile-karaage-saitama-jp.appspot.com\",\"locationId\":\"us-central\"}","GCLOUD_PROJECT":"profile-karaage-saitama-jp"},"maxInstanceCount":100,"ingressSettings":"ALLOW_ALL","uri":"https://ssrprofilekaraagesaitamajp-jhdbawbxfq-uc.a.run.app","serviceAccountEmail":"630819836024-compute@developer.gserviceaccount.com","availableMemory":"256Mi","allTrafficOnLatestRevision":true,"revision":"ssrprofilekaraagesaitamajp-00006-gok"},"state":"ACTIVE","labels":{"firebase-functions-codebase":"firebase-frameworks-profile-karaage-saitama-jp"},"environment":"GEN_2"},"stages":[{"name":"BUILD","state":"NOT_STARTED"},{"name":"SERVICE","state":"NOT_STARTED"}]},"done":false}
[debug] [2022-09-18T08:12:07.777Z] [update-firebase-frameworks-profile-karaage-saitama-jp-us-central1-ssrprofilekaraagesaitamajp] Retrying task index 0
[debug] [2022-09-18T08:12:07.777Z] >>> [apiv2][query] GET https://cloudfunctions.googleapis.com/v2alpha/projects/profile-karaage-saitama-jp/locations/us-central1/operations/operation-1663488725139-5e8ef268cbf7b-84fa5a09-3337f9a4 [none]
[debug] [2022-09-18T08:12:08.870Z] <<< [apiv2][status] GET https://cloudfunctions.googleapis.com/v2alpha/projects/profile-karaage-saitama-jp/locations/us-central1/operations/operation-1663488725139-5e8ef268cbf7b-84fa5a09-3337f9a4 200
[debug] [2022-09-18T08:12:08.870Z] <<< [apiv2][body] GET https://cloudfunctions.googleapis.com/v2alpha/projects/profile-karaage-saitama-jp/locations/us-central1/operations/operation-1663488725139-5e8ef268cbf7b-84fa5a09-3337f9a4 {"name":"projects/profile-karaage-saitama-jp/locations/us-central1/operations/operation-1663488725139-5e8ef268cbf7b-84fa5a09-3337f9a4","metadata":{"@type":"type.googleapis.com/google.cloud.functions.v2alpha.OperationMetadata","createTime":"2022-09-18T08:12:05.989266769Z","target":"projects/profile-karaage-saitama-jp/locations/us-central1/functions/ssrprofilekaraagesaitamajp","verb":"update","cancelRequested":false,"apiVersion":"v2alpha","requestResource":{"@type":"type.googleapis.com/google.cloud.functions.v2alpha.Function","name":"projects/profile-karaage-saitama-jp/locations/us-central1/functions/ssrprofilekaraagesaitamajp","buildConfig":{"runtime":"nodejs16","entryPoint":"ssr","source":{"storageSource":{"bucket":"gcf-v2-sources-630819836024-us-central1","object":"ssrprofilekaraagesaitamajp/function-source.zip"}},"sourceProvenance":{"resolvedStorageSource":{"bucket":"gcf-v2-sources-630819836024-us-central1","object":"ssrprofilekaraagesaitamajp/function-source.zip","generation":"1663471298175467"}}},"serviceConfig":{"service":"projects/profile-karaage-saitama-jp/locations/us-central1/services/ssrprofilekaraagesaitamajp","timeoutSeconds":60,"environmentVariables":{"FRAMEWORKS_FIREBASE_PROJECT_CONFIG":"null","FIREBASE_CONFIG":"{\"projectId\":\"profile-karaage-saitama-jp\",\"storageBucket\":\"profile-karaage-saitama-jp.appspot.com\",\"locationId\":\"us-central\"}","GCLOUD_PROJECT":"profile-karaage-saitama-jp"},"maxInstanceCount":100,"ingressSettings":"ALLOW_ALL","uri":"https://ssrprofilekaraagesaitamajp-jhdbawbxfq-uc.a.run.app","serviceAccountEmail":"630819836024-compute@developer.gserviceaccount.com","availableMemory":"256Mi","allTrafficOnLatestRevision":true,"revision":"ssrprofilekaraagesaitamajp-00006-gok"},"state":"ACTIVE","labels":{"firebase-functions-codebase":"firebase-frameworks-profile-karaage-saitama-jp"},"environment":"GEN_2"},"stages":[{"name":"BUILD","message":"Creating build","state":"IN_PROGRESS","resource":"projects/630819836024/locations/us-central1/builds/c37561ef-df7d-4ad2-92fb-83dda50dc7f6","resourceUri":"https://console.cloud.google.com/cloud-build/builds;region=us-central1/c37561ef-df7d-4ad2-92fb-83dda50dc7f6?project=630819836024"},{"name":"SERVICE","state":"NOT_STARTED"}]},"done":false}
[debug] [2022-09-18T08:12:09.874Z] [update-firebase-frameworks-profile-karaage-saitama-jp-us-central1-ssrprofilekaraagesaitamajp] Retrying task index 0
[debug] [2022-09-18T08:12:09.874Z] >>> [apiv2][query] GET https://cloudfunctions.googleapis.com/v2alpha/projects/profile-karaage-saitama-jp/locations/us-central1/operations/operation-1663488725139-5e8ef268cbf7b-84fa5a09-3337f9a4 [none]
[debug] [2022-09-18T08:12:11.061Z] <<< [apiv2][status] GET https://cloudfunctions.googleapis.com/v2alpha/projects/profile-karaage-saitama-jp/locations/us-central1/operations/operation-1663488725139-5e8ef268cbf7b-84fa5a09-3337f9a4 200
[debug] [2022-09-18T08:12:11.061Z] <<< [apiv2][body] GET https://cloudfunctions.googleapis.com/v2alpha/projects/profile-karaage-saitama-jp/locations/us-central1/operations/operation-1663488725139-5e8ef268cbf7b-84fa5a09-3337f9a4 {"name":"projects/profile-karaage-saitama-jp/locations/us-central1/operations/operation-1663488725139-5e8ef268cbf7b-84fa5a09-3337f9a4","metadata":{"@type":"type.googleapis.com/google.cloud.functions.v2alpha.OperationMetadata","createTime":"2022-09-18T08:12:05.989266769Z","target":"projects/profile-karaage-saitama-jp/locations/us-central1/functions/ssrprofilekaraagesaitamajp","verb":"update","cancelRequested":false,"apiVersion":"v2alpha","requestResource":{"@type":"type.googleapis.com/google.cloud.functions.v2alpha.Function","name":"projects/profile-karaage-saitama-jp/locations/us-central1/functions/ssrprofilekaraagesaitamajp","buildConfig":{"runtime":"nodejs16","entryPoint":"ssr","source":{"storageSource":{"bucket":"gcf-v2-sources-630819836024-us-central1","object":"ssrprofilekaraagesaitamajp/function-source.zip"}},"sourceProvenance":{"resolvedStorageSource":{"bucket":"gcf-v2-sources-630819836024-us-central1","object":"ssrprofilekaraagesaitamajp/function-source.zip","generation":"1663471298175467"}}},"serviceConfig":{"service":"projects/profile-karaage-saitama-jp/locations/us-central1/services/ssrprofilekaraagesaitamajp","timeoutSeconds":60,"environmentVariables":{"FRAMEWORKS_FIREBASE_PROJECT_CONFIG":"null","FIREBASE_CONFIG":"{\"projectId\":\"profile-karaage-saitama-jp\",\"storageBucket\":\"profile-karaage-saitama-jp.appspot.com\",\"locationId\":\"us-central\"}","GCLOUD_PROJECT":"profile-karaage-saitama-jp"},"maxInstanceCount":100,"ingressSettings":"ALLOW_ALL","uri":"https://ssrprofilekaraagesaitamajp-jhdbawbxfq-uc.a.run.app","serviceAccountEmail":"630819836024-compute@developer.gserviceaccount.com","availableMemory":"256Mi","allTrafficOnLatestRevision":true,"revision":"ssrprofilekaraagesaitamajp-00006-gok"},"state":"ACTIVE","labels":{"firebase-functions-codebase":"firebase-frameworks-profile-karaage-saitama-jp"},"environment":"GEN_2"},"stages":[{"name":"BUILD","message":"Creating build","state":"IN_PROGRESS","resource":"projects/630819836024/locations/us-central1/builds/c37561ef-df7d-4ad2-92fb-83dda50dc7f6","resourceUri":"https://console.cloud.google.com/cloud-build/builds;region=us-central1/c37561ef-df7d-4ad2-92fb-83dda50dc7f6?project=630819836024"},{"name":"SERVICE","state":"NOT_STARTED"}]},"done":false}
[debug] [2022-09-18T08:12:13.066Z] [update-firebase-frameworks-profile-karaage-saitama-jp-us-central1-ssrprofilekaraagesaitamajp] Retrying task index 0
[debug] [2022-09-18T08:12:13.066Z] >>> [apiv2][query] GET https://cloudfunctions.googleapis.com/v2alpha/projects/profile-karaage-saitama-jp/locations/us-central1/operations/operation-1663488725139-5e8ef268cbf7b-84fa5a09-3337f9a4 [none]
[debug] [2022-09-18T08:12:14.237Z] <<< [apiv2][status] GET https://cloudfunctions.googleapis.com/v2alpha/projects/profile-karaage-saitama-jp/locations/us-central1/operations/operation-1663488725139-5e8ef268cbf7b-84fa5a09-3337f9a4 200
[debug] [2022-09-18T08:12:14.237Z] <<< [apiv2][body] GET https://cloudfunctions.googleapis.com/v2alpha/projects/profile-karaage-saitama-jp/locations/us-central1/operations/operation-1663488725139-5e8ef268cbf7b-84fa5a09-3337f9a4 {"name":"projects/profile-karaage-saitama-jp/locations/us-central1/operations/operation-1663488725139-5e8ef268cbf7b-84fa5a09-3337f9a4","metadata":{"@type":"type.googleapis.com/google.cloud.functions.v2alpha.OperationMetadata","createTime":"2022-09-18T08:12:05.989266769Z","target":"projects/profile-karaage-saitama-jp/locations/us-central1/functions/ssrprofilekaraagesaitamajp","verb":"update","cancelRequested":false,"apiVersion":"v2alpha","requestResource":{"@type":"type.googleapis.com/google.cloud.functions.v2alpha.Function","name":"projects/profile-karaage-saitama-jp/locations/us-central1/functions/ssrprofilekaraagesaitamajp","buildConfig":{"runtime":"nodejs16","entryPoint":"ssr","source":{"storageSource":{"bucket":"gcf-v2-sources-630819836024-us-central1","object":"ssrprofilekaraagesaitamajp/function-source.zip"}},"sourceProvenance":{"resolvedStorageSource":{"bucket":"gcf-v2-sources-630819836024-us-central1","object":"ssrprofilekaraagesaitamajp/function-source.zip","generation":"1663471298175467"}}},"serviceConfig":{"service":"projects/profile-karaage-saitama-jp/locations/us-central1/services/ssrprofilekaraagesaitamajp","timeoutSeconds":60,"environmentVariables":{"FRAMEWORKS_FIREBASE_PROJECT_CONFIG":"null","FIREBASE_CONFIG":"{\"projectId\":\"profile-karaage-saitama-jp\",\"storageBucket\":\"profile-karaage-saitama-jp.appspot.com\",\"locationId\":\"us-central\"}","GCLOUD_PROJECT":"profile-karaage-saitama-jp"},"maxInstanceCount":100,"ingressSettings":"ALLOW_ALL","uri":"https://ssrprofilekaraagesaitamajp-jhdbawbxfq-uc.a.run.app","serviceAccountEmail":"630819836024-compute@developer.gserviceaccount.com","availableMemory":"256Mi","allTrafficOnLatestRevision":true,"revision":"ssrprofilekaraagesaitamajp-00006-gok"},"state":"ACTIVE","labels":{"firebase-functions-codebase":"firebase-frameworks-profile-karaage-saitama-jp"},"environment":"GEN_2"},"stages":[{"name":"BUILD","message":"Creating build","state":"IN_PROGRESS","resource":"projects/630819836024/locations/us-central1/builds/c37561ef-df7d-4ad2-92fb-83dda50dc7f6","resourceUri":"https://console.cloud.google.com/cloud-build/builds;region=us-central1/c37561ef-df7d-4ad2-92fb-83dda50dc7f6?project=630819836024"},{"name":"SERVICE","state":"NOT_STARTED"}]},"done":false}
[debug] [2022-09-18T08:12:18.239Z] [update-firebase-frameworks-profile-karaage-saitama-jp-us-central1-ssrprofilekaraagesaitamajp] Retrying task index 0
[debug] [2022-09-18T08:12:18.240Z] >>> [apiv2][query] GET https://cloudfunctions.googleapis.com/v2alpha/projects/profile-karaage-saitama-jp/locations/us-central1/operations/operation-1663488725139-5e8ef268cbf7b-84fa5a09-3337f9a4 [none]
[debug] [2022-09-18T08:12:19.347Z] <<< [apiv2][status] GET https://cloudfunctions.googleapis.com/v2alpha/projects/profile-karaage-saitama-jp/locations/us-central1/operations/operation-1663488725139-5e8ef268cbf7b-84fa5a09-3337f9a4 200
[debug] [2022-09-18T08:12:19.348Z] <<< [apiv2][body] GET https://cloudfunctions.googleapis.com/v2alpha/projects/profile-karaage-saitama-jp/locations/us-central1/operations/operation-1663488725139-5e8ef268cbf7b-84fa5a09-3337f9a4 {"name":"projects/profile-karaage-saitama-jp/locations/us-central1/operations/operation-1663488725139-5e8ef268cbf7b-84fa5a09-3337f9a4","metadata":{"@type":"type.googleapis.com/google.cloud.functions.v2alpha.OperationMetadata","createTime":"2022-09-18T08:12:05.989266769Z","target":"projects/profile-karaage-saitama-jp/locations/us-central1/functions/ssrprofilekaraagesaitamajp","verb":"update","cancelRequested":false,"apiVersion":"v2alpha","requestResource":{"@type":"type.googleapis.com/google.cloud.functions.v2alpha.Function","name":"projects/profile-karaage-saitama-jp/locations/us-central1/functions/ssrprofilekaraagesaitamajp","buildConfig":{"runtime":"nodejs16","entryPoint":"ssr","source":{"storageSource":{"bucket":"gcf-v2-sources-630819836024-us-central1","object":"ssrprofilekaraagesaitamajp/function-source.zip"}},"sourceProvenance":{"resolvedStorageSource":{"bucket":"gcf-v2-sources-630819836024-us-central1","object":"ssrprofilekaraagesaitamajp/function-source.zip","generation":"1663471298175467"}}},"serviceConfig":{"service":"projects/profile-karaage-saitama-jp/locations/us-central1/services/ssrprofilekaraagesaitamajp","timeoutSeconds":60,"environmentVariables":{"FRAMEWORKS_FIREBASE_PROJECT_CONFIG":"null","FIREBASE_CONFIG":"{\"projectId\":\"profile-karaage-saitama-jp\",\"storageBucket\":\"profile-karaage-saitama-jp.appspot.com\",\"locationId\":\"us-central\"}","GCLOUD_PROJECT":"profile-karaage-saitama-jp"},"maxInstanceCount":100,"ingressSettings":"ALLOW_ALL","uri":"https://ssrprofilekaraagesaitamajp-jhdbawbxfq-uc.a.run.app","serviceAccountEmail":"630819836024-compute@developer.gserviceaccount.com","availableMemory":"256Mi","allTrafficOnLatestRevision":true,"revision":"ssrprofilekaraagesaitamajp-00006-gok"},"state":"ACTIVE","labels":{"firebase-functions-codebase":"firebase-frameworks-profile-karaage-saitama-jp"},"environment":"GEN_2"},"stages":[{"name":"BUILD","message":"Creating build","state":"IN_PROGRESS","resource":"projects/630819836024/locations/us-central1/builds/c37561ef-df7d-4ad2-92fb-83dda50dc7f6","resourceUri":"https://console.cloud.google.com/cloud-build/builds;region=us-central1/c37561ef-df7d-4ad2-92fb-83dda50dc7f6?project=630819836024"},{"name":"SERVICE","state":"NOT_STARTED"}]},"done":false}
